<?xml version="1.0" encoding="UTF-8"?>
<coverage generated="1749815945881" clover="3.2.0">
  <project timestamp="1749815945881" name="All files">
    <metrics statements="85" coveredstatements="82" conditionals="47" coveredconditionals="40" methods="38" coveredmethods="37" elements="170" coveredelements="159" complexity="0" loc="85" ncloc="85" packages="1" files="1" classes="1"/>
    <file name="index.js" path="C:\Users\Egor.Kravtsov\Tutorials\edu-ai-challenge-2025\8\index.js">
      <metrics statements="85" coveredstatements="82" conditionals="47" coveredconditionals="40" methods="38" coveredmethods="37"/>
      <line num="3" count="29" type="stmt"/>
      <line num="4" count="29" type="stmt"/>
      <line num="8" count="3" type="stmt"/>
      <line num="9" count="3" type="stmt"/>
      <line num="13" count="3" type="stmt"/>
      <line num="14" count="3" type="stmt"/>
      <line num="18" count="62" type="cond" truecount="5" falsecount="0"/>
      <line num="19" count="4" type="stmt"/>
      <line num="21" count="58" type="stmt"/>
      <line num="25" count="0" type="stmt"/>
      <line num="31" count="15" type="stmt"/>
      <line num="32" count="15" type="stmt"/>
      <line num="36" count="2" type="stmt"/>
      <line num="37" count="4" type="stmt"/>
      <line num="40" count="2" type="stmt"/>
      <line num="44" count="2" type="stmt"/>
      <line num="45" count="4" type="stmt"/>
      <line num="48" count="2" type="stmt"/>
      <line num="52" count="3" type="stmt"/>
      <line num="53" count="6" type="stmt"/>
      <line num="56" count="3" type="stmt"/>
      <line num="60" count="32" type="cond" truecount="2" falsecount="0"/>
      <line num="61" count="5" type="cond" truecount="2" falsecount="0"/>
      <line num="64" count="27" type="stmt"/>
      <line num="65" count="27" type="stmt"/>
      <line num="66" count="14" type="cond" truecount="2" falsecount="0"/>
      <line num="67" count="6" type="cond" truecount="2" falsecount="0"/>
      <line num="71" count="27" type="stmt"/>
      <line num="77" count="6" type="stmt"/>
      <line num="78" count="6" type="stmt"/>
      <line num="82" count="1" type="stmt"/>
      <line num="83" count="2" type="stmt"/>
      <line num="86" count="1" type="stmt"/>
      <line num="90" count="1" type="stmt"/>
      <line num="91" count="2" type="stmt"/>
      <line num="94" count="1" type="stmt"/>
      <line num="98" count="1" type="stmt"/>
      <line num="99" count="2" type="stmt"/>
      <line num="102" count="1" type="stmt"/>
      <line num="106" count="9" type="cond" truecount="2" falsecount="0"/>
      <line num="107" count="1" type="cond" truecount="2" falsecount="0"/>
      <line num="110" count="8" type="stmt"/>
      <line num="111" count="8" type="stmt"/>
      <line num="112" count="6" type="cond" truecount="2" falsecount="0"/>
      <line num="113" count="3" type="cond" truecount="2" falsecount="0"/>
      <line num="117" count="8" type="stmt"/>
      <line num="123" count="5" type="cond" truecount="2" falsecount="0"/>
      <line num="124" count="2" type="cond" truecount="2" falsecount="0"/>
      <line num="126" count="3" type="stmt"/>
      <line num="132" count="3" type="cond" truecount="4" falsecount="0"/>
      <line num="133" count="2" type="cond" truecount="2" falsecount="0"/>
      <line num="135" count="1" type="stmt"/>
      <line num="141" count="3" type="stmt"/>
      <line num="142" count="3" type="stmt"/>
      <line num="146" count="5" type="cond" truecount="3" falsecount="1"/>
      <line num="147" count="0" type="cond" truecount="0" falsecount="2"/>
      <line num="150" count="5" type="stmt"/>
      <line num="151" count="5" type="stmt"/>
      <line num="152" count="22" type="stmt"/>
      <line num="153" count="22" type="stmt"/>
      <line num="154" count="22" type="stmt"/>
      <line num="156" count="22" type="cond" truecount="2" falsecount="0"/>
      <line num="157" count="7" type="stmt"/>
      <line num="158" count="7" type="stmt"/>
      <line num="163" count="5" type="stmt"/>
      <line num="164" count="20" type="cond" truecount="1" falsecount="1"/>
      <line num="169" count="5" type="stmt"/>
      <line num="175" count="2" type="stmt"/>
      <line num="176" count="2" type="stmt"/>
      <line num="180" count="4" type="cond" truecount="1" falsecount="1"/>
      <line num="181" count="0" type="cond" truecount="0" falsecount="2"/>
      <line num="184" count="4" type="stmt"/>
      <line num="185" count="4" type="stmt"/>
      <line num="186" count="10" type="stmt"/>
      <line num="187" count="10" type="cond" truecount="2" falsecount="0"/>
      <line num="188" count="2" type="stmt"/>
      <line num="189" count="2" type="stmt"/>
      <line num="194" count="4" type="stmt"/>
      <line num="200" count="15" type="stmt"/>
      <line num="204" count="6" type="stmt"/>
      <line num="208" count="2" type="stmt"/>
      <line num="212" count="1" type="stmt"/>
      <line num="216" count="3" type="stmt"/>
      <line num="220" count="2" type="stmt"/>
      <line num="224" count="1" type="stmt"/>
    </file>
  </project>
</coverage>
