{"C:\\Users\\Egor.Kravtsov\\Tutorials\\edu-ai-challenge-2025\\8\\index.js": {"path":"C:\\Users\\Egor.Kravtsov\\Tutorials\\edu-ai-challenge-2025\\8\\index.js","statementMap":{"0":{"start":{"line":3,"column":8},"end":{"line":3,"column":32}},"1":{"start":{"line":4,"column":8},"end":{"line":4,"column":34}},"2":{"start":{"line":8,"column":8},"end":{"line":8,"column":31}},"3":{"start":{"line":9,"column":8},"end":{"line":9,"column":20}},"4":{"start":{"line":13,"column":8},"end":{"line":13,"column":37}},"5":{"start":{"line":14,"column":8},"end":{"line":14,"column":20}},"6":{"start":{"line":18,"column":8},"end":{"line":20,"column":9}},"7":{"start":{"line":19,"column":12},"end":{"line":19,"column":49}},"8":{"start":{"line":21,"column":8},"end":{"line":21,"column":44}},"9":{"start":{"line":25,"column":8},"end":{"line":25,"column":79}},"10":{"start":{"line":31,"column":8},"end":{"line":31,"column":16}},"11":{"start":{"line":32,"column":8},"end":{"line":32,"column":30}},"12":{"start":{"line":36,"column":8},"end":{"line":39,"column":11}},"13":{"start":{"line":37,"column":25},"end":{"line":37,"column":40}},"14":{"start":{"line":40,"column":8},"end":{"line":40,"column":20}},"15":{"start":{"line":44,"column":8},"end":{"line":47,"column":11}},"16":{"start":{"line":45,"column":25},"end":{"line":45,"column":40}},"17":{"start":{"line":48,"column":8},"end":{"line":48,"column":20}},"18":{"start":{"line":52,"column":8},"end":{"line":55,"column":11}},"19":{"start":{"line":53,"column":25},"end":{"line":53,"column":40}},"20":{"start":{"line":56,"column":8},"end":{"line":56,"column":20}},"21":{"start":{"line":60,"column":8},"end":{"line":62,"column":9}},"22":{"start":{"line":61,"column":12},"end":{"line":61,"column":90}},"23":{"start":{"line":64,"column":23},"end":{"line":64,"column":25}},"24":{"start":{"line":65,"column":8},"end":{"line":69,"column":11}},"25":{"start":{"line":66,"column":12},"end":{"line":68,"column":13}},"26":{"start":{"line":67,"column":16},"end":{"line":67,"column":70}},"27":{"start":{"line":71,"column":8},"end":{"line":71,"column":56}},"28":{"start":{"line":77,"column":8},"end":{"line":77,"column":16}},"29":{"start":{"line":78,"column":8},"end":{"line":78,"column":30}},"30":{"start":{"line":82,"column":8},"end":{"line":85,"column":11}},"31":{"start":{"line":83,"column":25},"end":{"line":83,"column":33}},"32":{"start":{"line":86,"column":8},"end":{"line":86,"column":20}},"33":{"start":{"line":90,"column":8},"end":{"line":93,"column":11}},"34":{"start":{"line":91,"column":25},"end":{"line":91,"column":33}},"35":{"start":{"line":94,"column":8},"end":{"line":94,"column":20}},"36":{"start":{"line":98,"column":8},"end":{"line":101,"column":11}},"37":{"start":{"line":99,"column":25},"end":{"line":99,"column":46}},"38":{"start":{"line":102,"column":8},"end":{"line":102,"column":20}},"39":{"start":{"line":106,"column":8},"end":{"line":108,"column":9}},"40":{"start":{"line":107,"column":12},"end":{"line":107,"column":90}},"41":{"start":{"line":110,"column":23},"end":{"line":110,"column":25}},"42":{"start":{"line":111,"column":8},"end":{"line":115,"column":11}},"43":{"start":{"line":112,"column":12},"end":{"line":114,"column":13}},"44":{"start":{"line":113,"column":16},"end":{"line":113,"column":70}},"45":{"start":{"line":117,"column":8},"end":{"line":117,"column":56}},"46":{"start":{"line":123,"column":8},"end":{"line":125,"column":9}},"47":{"start":{"line":124,"column":12},"end":{"line":124,"column":91}},"48":{"start":{"line":126,"column":8},"end":{"line":126,"column":45}},"49":{"start":{"line":132,"column":8},"end":{"line":134,"column":9}},"50":{"start":{"line":133,"column":12},"end":{"line":133,"column":101}},"51":{"start":{"line":135,"column":8},"end":{"line":135,"column":45}},"52":{"start":{"line":141,"column":8},"end":{"line":141,"column":16}},"53":{"start":{"line":142,"column":8},"end":{"line":142,"column":29}},"54":{"start":{"line":146,"column":8},"end":{"line":148,"column":9}},"55":{"start":{"line":147,"column":12},"end":{"line":147,"column":91}},"56":{"start":{"line":150,"column":23},"end":{"line":150,"column":25}},"57":{"start":{"line":151,"column":8},"end":{"line":161,"column":9}},"58":{"start":{"line":152,"column":30},"end":{"line":152,"column":46}},"59":{"start":{"line":153,"column":26},"end":{"line":153,"column":35}},"60":{"start":{"line":154,"column":27},"end":{"line":154,"column":52}},"61":{"start":{"line":156,"column":12},"end":{"line":160,"column":13}},"62":{"start":{"line":157,"column":16},"end":{"line":159,"column":19}},"63":{"start":{"line":158,"column":20},"end":{"line":158,"column":52}},"64":{"start":{"line":163,"column":8},"end":{"line":167,"column":9}},"65":{"start":{"line":164,"column":12},"end":{"line":166,"column":13}},"66":{"start":{"line":169,"column":8},"end":{"line":169,"column":56}},"67":{"start":{"line":175,"column":8},"end":{"line":175,"column":16}},"68":{"start":{"line":176,"column":8},"end":{"line":176,"column":43}},"69":{"start":{"line":180,"column":8},"end":{"line":182,"column":9}},"70":{"start":{"line":181,"column":12},"end":{"line":181,"column":90}},"71":{"start":{"line":184,"column":23},"end":{"line":184,"column":25}},"72":{"start":{"line":185,"column":8},"end":{"line":192,"column":11}},"73":{"start":{"line":186,"column":27},"end":{"line":186,"column":60}},"74":{"start":{"line":187,"column":12},"end":{"line":191,"column":13}},"75":{"start":{"line":188,"column":16},"end":{"line":190,"column":19}},"76":{"start":{"line":189,"column":20},"end":{"line":189,"column":56}},"77":{"start":{"line":194,"column":8},"end":{"line":194,"column":56}},"78":{"start":{"line":200,"column":8},"end":{"line":200,"column":37}},"79":{"start":{"line":204,"column":8},"end":{"line":204,"column":37}},"80":{"start":{"line":208,"column":8},"end":{"line":208,"column":38}},"81":{"start":{"line":212,"column":8},"end":{"line":212,"column":35}},"82":{"start":{"line":216,"column":8},"end":{"line":216,"column":43}},"83":{"start":{"line":220,"column":8},"end":{"line":220,"column":49}},"84":{"start":{"line":224,"column":0},"end":{"line":233,"column":2}}},"fnMap":{"0":{"name":"(anonymous_0)","decl":{"start":{"line":2,"column":4},"end":{"line":2,"column":5}},"loc":{"start":{"line":2,"column":18},"end":{"line":5,"column":5}},"line":2},"1":{"name":"(anonymous_1)","decl":{"start":{"line":7,"column":4},"end":{"line":7,"column":5}},"loc":{"start":{"line":7,"column":15},"end":{"line":10,"column":5}},"line":7},"2":{"name":"(anonymous_2)","decl":{"start":{"line":12,"column":4},"end":{"line":12,"column":5}},"loc":{"start":{"line":12,"column":25},"end":{"line":15,"column":5}},"line":12},"3":{"name":"(anonymous_3)","decl":{"start":{"line":17,"column":4},"end":{"line":17,"column":5}},"loc":{"start":{"line":17,"column":19},"end":{"line":22,"column":5}},"line":17},"4":{"name":"(anonymous_4)","decl":{"start":{"line":24,"column":4},"end":{"line":24,"column":5}},"loc":{"start":{"line":24,"column":28},"end":{"line":26,"column":5}},"line":24},"5":{"name":"(anonymous_5)","decl":{"start":{"line":30,"column":4},"end":{"line":30,"column":5}},"loc":{"start":{"line":30,"column":18},"end":{"line":33,"column":5}},"line":30},"6":{"name":"(anonymous_6)","decl":{"start":{"line":35,"column":4},"end":{"line":35,"column":5}},"loc":{"start":{"line":35,"column":17},"end":{"line":41,"column":5}},"line":35},"7":{"name":"(anonymous_7)","decl":{"start":{"line":37,"column":16},"end":{"line":37,"column":17}},"loc":{"start":{"line":37,"column":25},"end":{"line":37,"column":40}},"line":37},"8":{"name":"(anonymous_8)","decl":{"start":{"line":43,"column":4},"end":{"line":43,"column":5}},"loc":{"start":{"line":43,"column":17},"end":{"line":49,"column":5}},"line":43},"9":{"name":"(anonymous_9)","decl":{"start":{"line":45,"column":16},"end":{"line":45,"column":17}},"loc":{"start":{"line":45,"column":25},"end":{"line":45,"column":40}},"line":45},"10":{"name":"(anonymous_10)","decl":{"start":{"line":51,"column":4},"end":{"line":51,"column":5}},"loc":{"start":{"line":51,"column":19},"end":{"line":57,"column":5}},"line":51},"11":{"name":"(anonymous_11)","decl":{"start":{"line":53,"column":16},"end":{"line":53,"column":17}},"loc":{"start":{"line":53,"column":25},"end":{"line":53,"column":40}},"line":53},"12":{"name":"(anonymous_12)","decl":{"start":{"line":59,"column":4},"end":{"line":59,"column":5}},"loc":{"start":{"line":59,"column":28},"end":{"line":72,"column":5}},"line":59},"13":{"name":"(anonymous_13)","decl":{"start":{"line":65,"column":33},"end":{"line":65,"column":34}},"loc":{"start":{"line":65,"column":47},"end":{"line":69,"column":9}},"line":65},"14":{"name":"(anonymous_14)","decl":{"start":{"line":76,"column":4},"end":{"line":76,"column":5}},"loc":{"start":{"line":76,"column":18},"end":{"line":79,"column":5}},"line":76},"15":{"name":"(anonymous_15)","decl":{"start":{"line":81,"column":4},"end":{"line":81,"column":5}},"loc":{"start":{"line":81,"column":11},"end":{"line":87,"column":5}},"line":81},"16":{"name":"(anonymous_16)","decl":{"start":{"line":83,"column":16},"end":{"line":83,"column":17}},"loc":{"start":{"line":83,"column":25},"end":{"line":83,"column":33}},"line":83},"17":{"name":"(anonymous_17)","decl":{"start":{"line":89,"column":4},"end":{"line":89,"column":5}},"loc":{"start":{"line":89,"column":11},"end":{"line":95,"column":5}},"line":89},"18":{"name":"(anonymous_18)","decl":{"start":{"line":91,"column":16},"end":{"line":91,"column":17}},"loc":{"start":{"line":91,"column":25},"end":{"line":91,"column":33}},"line":91},"19":{"name":"(anonymous_19)","decl":{"start":{"line":97,"column":4},"end":{"line":97,"column":5}},"loc":{"start":{"line":97,"column":14},"end":{"line":103,"column":5}},"line":97},"20":{"name":"(anonymous_20)","decl":{"start":{"line":99,"column":16},"end":{"line":99,"column":17}},"loc":{"start":{"line":99,"column":25},"end":{"line":99,"column":46}},"line":99},"21":{"name":"(anonymous_21)","decl":{"start":{"line":105,"column":4},"end":{"line":105,"column":5}},"loc":{"start":{"line":105,"column":28},"end":{"line":118,"column":5}},"line":105},"22":{"name":"(anonymous_22)","decl":{"start":{"line":111,"column":33},"end":{"line":111,"column":34}},"loc":{"start":{"line":111,"column":47},"end":{"line":115,"column":9}},"line":111},"23":{"name":"(anonymous_23)","decl":{"start":{"line":122,"column":4},"end":{"line":122,"column":5}},"loc":{"start":{"line":122,"column":28},"end":{"line":127,"column":5}},"line":122},"24":{"name":"(anonymous_24)","decl":{"start":{"line":131,"column":4},"end":{"line":131,"column":5}},"loc":{"start":{"line":131,"column":28},"end":{"line":136,"column":5}},"line":131},"25":{"name":"(anonymous_25)","decl":{"start":{"line":140,"column":4},"end":{"line":140,"column":5}},"loc":{"start":{"line":140,"column":24},"end":{"line":143,"column":5}},"line":140},"26":{"name":"(anonymous_26)","decl":{"start":{"line":145,"column":4},"end":{"line":145,"column":5}},"loc":{"start":{"line":145,"column":28},"end":{"line":170,"column":5}},"line":145},"27":{"name":"(anonymous_27)","decl":{"start":{"line":157,"column":38},"end":{"line":157,"column":39}},"loc":{"start":{"line":157,"column":47},"end":{"line":159,"column":17}},"line":157},"28":{"name":"(anonymous_28)","decl":{"start":{"line":174,"column":4},"end":{"line":174,"column":5}},"loc":{"start":{"line":174,"column":31},"end":{"line":177,"column":5}},"line":174},"29":{"name":"(anonymous_29)","decl":{"start":{"line":179,"column":4},"end":{"line":179,"column":5}},"loc":{"start":{"line":179,"column":28},"end":{"line":195,"column":5}},"line":179},"30":{"name":"(anonymous_30)","decl":{"start":{"line":185,"column":21},"end":{"line":185,"column":22}},"loc":{"start":{"line":185,"column":38},"end":{"line":192,"column":9}},"line":185},"31":{"name":"(anonymous_31)","decl":{"start":{"line":188,"column":38},"end":{"line":188,"column":39}},"loc":{"start":{"line":188,"column":47},"end":{"line":190,"column":17}},"line":188},"32":{"name":"(anonymous_32)","decl":{"start":{"line":199,"column":4},"end":{"line":199,"column":5}},"loc":{"start":{"line":199,"column":20},"end":{"line":201,"column":5}},"line":199},"33":{"name":"(anonymous_33)","decl":{"start":{"line":203,"column":4},"end":{"line":203,"column":5}},"loc":{"start":{"line":203,"column":20},"end":{"line":205,"column":5}},"line":203},"34":{"name":"(anonymous_34)","decl":{"start":{"line":207,"column":4},"end":{"line":207,"column":5}},"loc":{"start":{"line":207,"column":21},"end":{"line":209,"column":5}},"line":207},"35":{"name":"(anonymous_35)","decl":{"start":{"line":211,"column":4},"end":{"line":211,"column":5}},"loc":{"start":{"line":211,"column":18},"end":{"line":213,"column":5}},"line":211},"36":{"name":"(anonymous_36)","decl":{"start":{"line":215,"column":4},"end":{"line":215,"column":5}},"loc":{"start":{"line":215,"column":26},"end":{"line":217,"column":5}},"line":215},"37":{"name":"(anonymous_37)","decl":{"start":{"line":219,"column":4},"end":{"line":219,"column":5}},"loc":{"start":{"line":219,"column":32},"end":{"line":221,"column":5}},"line":219}},"branchMap":{"0":{"loc":{"start":{"line":18,"column":8},"end":{"line":20,"column":9}},"type":"if","locations":[{"start":{"line":18,"column":8},"end":{"line":20,"column":9}},{"start":{},"end":{}}],"line":18},"1":{"loc":{"start":{"line":18,"column":12},"end":{"line":18,"column":68}},"type":"binary-expr","locations":[{"start":{"line":18,"column":12},"end":{"line":18,"column":27}},{"start":{"line":18,"column":32},"end":{"line":18,"column":45}},{"start":{"line":18,"column":49},"end":{"line":18,"column":67}}],"line":18},"2":{"loc":{"start":{"line":60,"column":8},"end":{"line":62,"column":9}},"type":"if","locations":[{"start":{"line":60,"column":8},"end":{"line":62,"column":9}},{"start":{},"end":{}}],"line":60},"3":{"loc":{"start":{"line":61,"column":46},"end":{"line":61,"column":86}},"type":"binary-expr","locations":[{"start":{"line":61,"column":46},"end":{"line":61,"column":64}},{"start":{"line":61,"column":68},"end":{"line":61,"column":86}}],"line":61},"4":{"loc":{"start":{"line":66,"column":12},"end":{"line":68,"column":13}},"type":"if","locations":[{"start":{"line":66,"column":12},"end":{"line":68,"column":13}},{"start":{},"end":{}}],"line":66},"5":{"loc":{"start":{"line":67,"column":28},"end":{"line":67,"column":68}},"type":"binary-expr","locations":[{"start":{"line":67,"column":28},"end":{"line":67,"column":46}},{"start":{"line":67,"column":50},"end":{"line":67,"column":68}}],"line":67},"6":{"loc":{"start":{"line":106,"column":8},"end":{"line":108,"column":9}},"type":"if","locations":[{"start":{"line":106,"column":8},"end":{"line":108,"column":9}},{"start":{},"end":{}}],"line":106},"7":{"loc":{"start":{"line":107,"column":46},"end":{"line":107,"column":86}},"type":"binary-expr","locations":[{"start":{"line":107,"column":46},"end":{"line":107,"column":64}},{"start":{"line":107,"column":68},"end":{"line":107,"column":86}}],"line":107},"8":{"loc":{"start":{"line":112,"column":12},"end":{"line":114,"column":13}},"type":"if","locations":[{"start":{"line":112,"column":12},"end":{"line":114,"column":13}},{"start":{},"end":{}}],"line":112},"9":{"loc":{"start":{"line":113,"column":28},"end":{"line":113,"column":68}},"type":"binary-expr","locations":[{"start":{"line":113,"column":28},"end":{"line":113,"column":46}},{"start":{"line":113,"column":50},"end":{"line":113,"column":68}}],"line":113},"10":{"loc":{"start":{"line":123,"column":8},"end":{"line":125,"column":9}},"type":"if","locations":[{"start":{"line":123,"column":8},"end":{"line":125,"column":9}},{"start":{},"end":{}}],"line":123},"11":{"loc":{"start":{"line":124,"column":46},"end":{"line":124,"column":87}},"type":"binary-expr","locations":[{"start":{"line":124,"column":46},"end":{"line":124,"column":64}},{"start":{"line":124,"column":68},"end":{"line":124,"column":87}}],"line":124},"12":{"loc":{"start":{"line":132,"column":8},"end":{"line":134,"column":9}},"type":"if","locations":[{"start":{"line":132,"column":8},"end":{"line":134,"column":9}},{"start":{},"end":{}}],"line":132},"13":{"loc":{"start":{"line":132,"column":12},"end":{"line":132,"column":50}},"type":"binary-expr","locations":[{"start":{"line":132,"column":12},"end":{"line":132,"column":35}},{"start":{"line":132,"column":39},"end":{"line":132,"column":50}}],"line":132},"14":{"loc":{"start":{"line":133,"column":46},"end":{"line":133,"column":97}},"type":"binary-expr","locations":[{"start":{"line":133,"column":46},"end":{"line":133,"column":64}},{"start":{"line":133,"column":68},"end":{"line":133,"column":97}}],"line":133},"15":{"loc":{"start":{"line":146,"column":8},"end":{"line":148,"column":9}},"type":"if","locations":[{"start":{"line":146,"column":8},"end":{"line":148,"column":9}},{"start":{},"end":{}}],"line":146},"16":{"loc":{"start":{"line":146,"column":12},"end":{"line":146,"column":53}},"type":"binary-expr","locations":[{"start":{"line":146,"column":12},"end":{"line":146,"column":36}},{"start":{"line":146,"column":40},"end":{"line":146,"column":53}}],"line":146},"17":{"loc":{"start":{"line":147,"column":46},"end":{"line":147,"column":87}},"type":"binary-expr","locations":[{"start":{"line":147,"column":46},"end":{"line":147,"column":64}},{"start":{"line":147,"column":68},"end":{"line":147,"column":87}}],"line":147},"18":{"loc":{"start":{"line":156,"column":12},"end":{"line":160,"column":13}},"type":"if","locations":[{"start":{"line":156,"column":12},"end":{"line":160,"column":13}},{"start":{},"end":{}}],"line":156},"19":{"loc":{"start":{"line":164,"column":12},"end":{"line":166,"column":13}},"type":"if","locations":[{"start":{"line":164,"column":12},"end":{"line":166,"column":13}},{"start":{},"end":{}}],"line":164},"20":{"loc":{"start":{"line":180,"column":8},"end":{"line":182,"column":9}},"type":"if","locations":[{"start":{"line":180,"column":8},"end":{"line":182,"column":9}},{"start":{},"end":{}}],"line":180},"21":{"loc":{"start":{"line":181,"column":46},"end":{"line":181,"column":86}},"type":"binary-expr","locations":[{"start":{"line":181,"column":46},"end":{"line":181,"column":64}},{"start":{"line":181,"column":68},"end":{"line":181,"column":86}}],"line":181},"22":{"loc":{"start":{"line":187,"column":12},"end":{"line":191,"column":13}},"type":"if","locations":[{"start":{"line":187,"column":12},"end":{"line":191,"column":13}},{"start":{},"end":{}}],"line":187}},"s":{"0":29,"1":29,"2":3,"3":3,"4":3,"5":3,"6":62,"7":4,"8":58,"9":0,"10":15,"11":15,"12":2,"13":4,"14":2,"15":2,"16":4,"17":2,"18":3,"19":6,"20":3,"21":32,"22":5,"23":27,"24":27,"25":14,"26":6,"27":27,"28":6,"29":6,"30":1,"31":2,"32":1,"33":1,"34":2,"35":1,"36":1,"37":2,"38":1,"39":9,"40":1,"41":8,"42":8,"43":6,"44":3,"45":8,"46":5,"47":2,"48":3,"49":3,"50":2,"51":1,"52":3,"53":3,"54":5,"55":0,"56":5,"57":5,"58":22,"59":22,"60":22,"61":22,"62":7,"63":7,"64":5,"65":20,"66":5,"67":2,"68":2,"69":4,"70":0,"71":4,"72":4,"73":10,"74":10,"75":2,"76":2,"77":4,"78":15,"79":6,"80":2,"81":1,"82":3,"83":2,"84":1},"f":{"0":29,"1":3,"2":3,"3":62,"4":0,"5":15,"6":2,"7":4,"8":2,"9":4,"10":3,"11":6,"12":32,"13":14,"14":6,"15":1,"16":2,"17":1,"18":2,"19":1,"20":2,"21":9,"22":6,"23":5,"24":3,"25":3,"26":5,"27":7,"28":2,"29":4,"30":10,"31":2,"32":15,"33":6,"34":2,"35":1,"36":3,"37":2},"b":{"0":[4,58],"1":[62,6,5],"2":[5,27],"3":[5,3],"4":[6,8],"5":[6,5],"6":[1,8],"7":[1,1],"8":[3,3],"9":[3,3],"10":[2,3],"11":[2,2],"12":[2,1],"13":[3,2],"14":[2,2],"15":[0,5],"16":[5,5],"17":[0,0],"18":[7,15],"19":[0,20],"20":[0,4],"21":[0,0],"22":[2,8]},"_coverageSchema":"1a1c01bbd47fc00a2c39e90264f33305004495a9","hash":"9b4e904124c76f0612bf52f9115ba1b67681e9fc"}
}
