TN:
SF:index.js
FN:2,(anonymous_0)
FN:7,(anonymous_1)
FN:12,(anonymous_2)
FN:17,(anonymous_3)
FN:24,(anonymous_4)
FN:30,(anonymous_5)
FN:35,(anonymous_6)
FN:37,(anonymous_7)
FN:43,(anonymous_8)
FN:45,(anonymous_9)
FN:51,(anonymous_10)
FN:53,(anonymous_11)
FN:59,(anonymous_12)
FN:65,(anonymous_13)
FN:76,(anonymous_14)
FN:81,(anonymous_15)
FN:83,(anonymous_16)
FN:89,(anonymous_17)
FN:91,(anonymous_18)
FN:97,(anonymous_19)
FN:99,(anonymous_20)
FN:105,(anonymous_21)
FN:111,(anonymous_22)
FN:122,(anonymous_23)
FN:131,(anonymous_24)
FN:140,(anonymous_25)
FN:145,(anonymous_26)
FN:157,(anonymous_27)
FN:174,(anonymous_28)
FN:179,(anonymous_29)
FN:185,(anonymous_30)
FN:188,(anonymous_31)
FN:199,(anonymous_32)
FN:203,(anonymous_33)
FN:207,(anonymous_34)
FN:211,(anonymous_35)
FN:215,(anonymous_36)
FN:219,(anonymous_37)
FNF:38
FNH:37
FNDA:29,(anonymous_0)
FNDA:3,(anonymous_1)
FNDA:3,(anonymous_2)
FNDA:62,(anonymous_3)
FNDA:0,(anonymous_4)
FNDA:15,(anonymous_5)
FNDA:2,(anonymous_6)
FNDA:4,(anonymous_7)
FNDA:2,(anonymous_8)
FNDA:4,(anonymous_9)
FNDA:3,(anonymous_10)
FNDA:6,(anonymous_11)
FNDA:32,(anonymous_12)
FNDA:14,(anonymous_13)
FNDA:6,(anonymous_14)
FNDA:1,(anonymous_15)
FNDA:2,(anonymous_16)
FNDA:1,(anonymous_17)
FNDA:2,(anonymous_18)
FNDA:1,(anonymous_19)
FNDA:2,(anonymous_20)
FNDA:9,(anonymous_21)
FNDA:6,(anonymous_22)
FNDA:5,(anonymous_23)
FNDA:3,(anonymous_24)
FNDA:3,(anonymous_25)
FNDA:5,(anonymous_26)
FNDA:7,(anonymous_27)
FNDA:2,(anonymous_28)
FNDA:4,(anonymous_29)
FNDA:10,(anonymous_30)
FNDA:2,(anonymous_31)
FNDA:15,(anonymous_32)
FNDA:6,(anonymous_33)
FNDA:2,(anonymous_34)
FNDA:1,(anonymous_35)
FNDA:3,(anonymous_36)
FNDA:2,(anonymous_37)
DA:3,29
DA:4,29
DA:8,3
DA:9,3
DA:13,3
DA:14,3
DA:18,62
DA:19,4
DA:21,58
DA:25,0
DA:31,15
DA:32,15
DA:36,2
DA:37,4
DA:40,2
DA:44,2
DA:45,4
DA:48,2
DA:52,3
DA:53,6
DA:56,3
DA:60,32
DA:61,5
DA:64,27
DA:65,27
DA:66,14
DA:67,6
DA:71,27
DA:77,6
DA:78,6
DA:82,1
DA:83,2
DA:86,1
DA:90,1
DA:91,2
DA:94,1
DA:98,1
DA:99,2
DA:102,1
DA:106,9
DA:107,1
DA:110,8
DA:111,8
DA:112,6
DA:113,3
DA:117,8
DA:123,5
DA:124,2
DA:126,3
DA:132,3
DA:133,2
DA:135,1
DA:141,3
DA:142,3
DA:146,5
DA:147,0
DA:150,5
DA:151,5
DA:152,22
DA:153,22
DA:154,22
DA:156,22
DA:157,7
DA:158,7
DA:163,5
DA:164,20
DA:169,5
DA:175,2
DA:176,2
DA:180,4
DA:181,0
DA:184,4
DA:185,4
DA:186,10
DA:187,10
DA:188,2
DA:189,2
DA:194,4
DA:200,15
DA:204,6
DA:208,2
DA:212,1
DA:216,3
DA:220,2
DA:224,1
LF:85
LH:82
BRDA:18,0,0,4
BRDA:18,0,1,58
BRDA:18,1,0,62
BRDA:18,1,1,6
BRDA:18,1,2,5
BRDA:60,2,0,5
BRDA:60,2,1,27
BRDA:61,3,0,5
BRDA:61,3,1,3
BRDA:66,4,0,6
BRDA:66,4,1,8
BRDA:67,5,0,6
BRDA:67,5,1,5
BRDA:106,6,0,1
BRDA:106,6,1,8
BRDA:107,7,0,1
BRDA:107,7,1,1
BRDA:112,8,0,3
BRDA:112,8,1,3
BRDA:113,9,0,3
BRDA:113,9,1,3
BRDA:123,10,0,2
BRDA:123,10,1,3
BRDA:124,11,0,2
BRDA:124,11,1,2
BRDA:132,12,0,2
BRDA:132,12,1,1
BRDA:132,13,0,3
BRDA:132,13,1,2
BRDA:133,14,0,2
BRDA:133,14,1,2
BRDA:146,15,0,0
BRDA:146,15,1,5
BRDA:146,16,0,5
BRDA:146,16,1,5
BRDA:147,17,0,0
BRDA:147,17,1,0
BRDA:156,18,0,7
BRDA:156,18,1,15
BRDA:164,19,0,0
BRDA:164,19,1,20
BRDA:180,20,0,0
BRDA:180,20,1,4
BRDA:181,21,0,0
BRDA:181,21,1,0
BRDA:187,22,0,2
BRDA:187,22,1,8
BRF:47
BRH:40
end_of_record
