TN:
SF:src\game.js
FN:17,(anonymous_0)
FN:33,(anonymous_1)
FN:61,(anonymous_2)
FNF:3
FNH:0
FNDA:0,(anonymous_0)
FNDA:0,(anonymous_1)
FNDA:0,(anonymous_2)
DA:18,0
DA:19,0
DA:21,0
DA:22,0
DA:24,0
DA:34,0
DA:37,0
DA:38,0
DA:40,0
DA:41,0
DA:43,0
DA:44,0
DA:46,0
DA:54,0
DA:55,0
DA:56,0
DA:59,0
DA:61,0
DA:62,0
DA:63,0
DA:64,0
DA:65,0
DA:66,0
DA:70,0
DA:71,0
DA:73,0
DA:74,0
DA:75,0
DA:79,0
DA:82,0
DA:91,0
DA:92,0
DA:93,0
DA:96,0
DA:98,0
DA:107,0
DA:115,0
DA:116,0
DA:117,0
DA:119,0
DA:121,0
LF:41
LH:0
BRDA:54,0,0,0
BRDA:54,0,1,0
BRDA:63,1,0,0
BRDA:63,1,1,0
BRDA:73,2,0,0
BRDA:73,2,1,0
BRDA:107,3,0,0
BRDA:107,3,1,0
BRDA:116,4,0,0
BRDA:116,4,1,0
BRF:10
BRH:0
end_of_record
TN:
SF:src\config\game-config.js
FN:44,(anonymous_0)
FN:46,(anonymous_1)
FN:51,(anonymous_2)
FN:60,(anonymous_3)
FN:61,(anonymous_4)
FN:63,(anonymous_5)
FNF:6
FNH:1
FNDA:0,(anonymous_0)
FNDA:0,(anonymous_1)
FNDA:1,(anonymous_2)
FNDA:0,(anonymous_3)
FNDA:0,(anonymous_4)
FNDA:0,(anonymous_5)
DA:5,3
DA:41,3
DA:44,0
DA:46,0
DA:51,1
DA:60,0
DA:61,0
DA:63,0
LF:8
LH:3
BRF:0
BRH:0
end_of_record
TN:
SF:src\models\ai-player.js
FN:12,(anonymous_0)
FN:23,(anonymous_1)
FN:49,(anonymous_2)
FNF:3
FNH:3
FNDA:6,(anonymous_0)
FNDA:6,(anonymous_1)
FNDA:5,(anonymous_2)
DA:13,6
DA:14,6
DA:15,6
DA:25,6
DA:26,2
DA:27,2
DA:28,2
DA:33,4
DA:35,4
DA:36,4
DA:37,4
DA:38,4
DA:41,4
DA:50,5
DA:51,4
DA:53,1
DA:54,1
DA:57,3
DA:59,3
DA:60,3
DA:64,1
DA:65,1
DA:77,3
DA:84,3
DA:85,12
DA:86,12
DA:87,12
DA:88,12
DA:102,3
DA:103,3
DA:104,3
LF:31
LH:31
BRDA:25,0,0,6
BRDA:25,0,1,2
BRDA:27,1,0,2
BRDA:27,1,1,0
BRDA:50,2,0,4
BRDA:50,2,1,1
BRDA:51,3,0,1
BRDA:51,3,1,3
BRDA:64,4,0,1
BRDA:64,4,1,0
BRDA:85,5,0,12
BRDA:85,5,1,0
BRDA:85,6,0,12
BRDA:85,6,1,12
BRDA:85,6,2,12
BRDA:85,6,3,12
BRDA:87,7,0,12
BRDA:87,7,1,0
BRDA:87,8,0,12
BRDA:87,8,1,12
BRF:20
BRH:16
end_of_record
TN:
SF:src\models\board.js
FN:17,(anonymous_0)
FN:26,(anonymous_1)
FN:34,(anonymous_2)
FN:44,(anonymous_3)
FN:55,(anonymous_4)
FN:100,(anonymous_5)
FN:138,(anonymous_6)
FN:168,(anonymous_7)
FN:198,(anonymous_8)
FN:199,(anonymous_9)
FN:206,(anonymous_10)
FN:214,(anonymous_11)
FN:215,(anonymous_12)
FN:221,(anonymous_13)
FNF:14
FNH:14
FNDA:15,(anonymous_0)
FNDA:1,(anonymous_1)
FNDA:8,(anonymous_2)
FNDA:160,(anonymous_3)
FNDA:6,(anonymous_4)
FNDA:18,(anonymous_5)
FNDA:1,(anonymous_6)
FNDA:11,(anonymous_7)
FNDA:4,(anonymous_8)
FNDA:8,(anonymous_9)
FNDA:2,(anonymous_10)
FNDA:3,(anonymous_11)
FNDA:30,(anonymous_12)
FNDA:16,(anonymous_13)
DA:18,15
DA:19,15
DA:27,1
DA:35,8
DA:44,16
DA:45,160
DA:56,6
DA:58,0
DA:60,6
DA:72,46
DA:73,46
DA:74,0
DA:76,46
DA:86,54
DA:87,1
DA:89,53
DA:90,53
DA:91,53
DA:102,18
DA:103,40
DA:104,40
DA:105,1
DA:110,17
DA:111,17
DA:112,7
DA:113,17
DA:114,1
DA:120,16
DA:122,16
DA:123,2
DA:124,3
DA:125,3
DA:129,16
DA:139,1
DA:140,1
DA:141,1
DA:143,1
DA:144,3
DA:145,3
DA:148,3
DA:149,0
DA:150,0
DA:152,3
DA:153,3
DA:156,3
DA:157,3
DA:158,3
DA:169,11
DA:171,11
DA:172,13
DA:173,9
DA:174,9
DA:175,9
DA:176,9
DA:185,2
DA:186,2
DA:199,8
DA:207,2
DA:215,30
DA:222,16
DA:223,16
LF:61
LH:57
BRDA:17,0,0,15
BRDA:56,1,0,0
BRDA:56,1,1,6
BRDA:71,2,0,40
BRDA:72,3,0,46
BRDA:72,3,1,45
BRDA:72,3,2,45
BRDA:72,3,3,45
BRDA:72,3,4,45
BRDA:72,3,5,45
BRDA:73,4,0,0
BRDA:73,4,1,46
BRDA:73,5,0,46
BRDA:73,5,1,1
BRDA:86,6,0,1
BRDA:86,6,1,53
BRDA:86,7,0,54
BRDA:86,7,1,54
BRDA:100,8,0,13
BRDA:104,9,0,1
BRDA:104,9,1,39
BRDA:113,10,0,1
BRDA:113,10,1,16
BRDA:122,11,0,2
BRDA:122,11,1,14
BRDA:138,12,0,1
BRDA:143,13,0,4
BRDA:143,13,1,3
BRDA:145,14,0,0
BRDA:145,14,1,3
BRDA:148,15,0,0
BRDA:148,15,1,3
BRDA:157,16,0,3
BRDA:157,16,1,0
BRDA:172,17,0,9
BRDA:172,17,1,4
BRDA:207,18,0,2
BRDA:207,18,1,2
BRF:38
BRH:33
end_of_record
TN:
SF:src\models\player.js
FN:18,(anonymous_0)
FN:31,(anonymous_1)
FN:39,(anonymous_2)
FN:48,(anonymous_3)
FN:73,(anonymous_4)
FN:93,(anonymous_5)
FNF:6
FNH:5
FNDA:15,(anonymous_0)
FNDA:0,(anonymous_1)
FNDA:32,(anonymous_2)
FNDA:4,(anonymous_3)
FNDA:4,(anonymous_4)
FNDA:19,(anonymous_5)
DA:19,15
DA:20,2
DA:22,13
DA:23,13
DA:24,13
DA:32,0
DA:40,32
DA:49,4
DA:50,1
DA:53,3
DA:54,3
DA:56,3
DA:57,1
DA:60,2
DA:61,1
DA:64,1
DA:74,4
DA:77,0
DA:78,0
DA:79,0
DA:80,0
DA:84,4
DA:85,4
DA:94,19
DA:104,0
DA:105,0
DA:106,0
LF:27
LH:19
BRDA:19,0,0,2
BRDA:19,0,1,13
BRDA:19,1,0,15
BRDA:19,1,1,14
BRDA:49,2,0,1
BRDA:49,2,1,3
BRDA:49,3,0,4
BRDA:49,3,1,4
BRDA:56,4,0,1
BRDA:56,4,1,2
BRDA:56,5,0,3
BRDA:56,5,1,2
BRDA:56,5,2,2
BRDA:56,5,3,2
BRDA:56,5,4,2
BRDA:56,5,5,2
BRDA:60,6,0,1
BRDA:60,6,1,1
BRDA:74,7,0,0
BRDA:74,7,1,4
BRDA:79,8,0,0
BRDA:79,8,1,0
BRF:22
BRH:19
end_of_record
TN:
SF:src\models\ship.js
FN:18,(anonymous_0)
FN:29,(anonymous_1)
FN:37,(anonymous_2)
FN:45,(anonymous_3)
FN:53,(anonymous_4)
FN:62,(anonymous_5)
FN:71,(anonymous_6)
FN:85,(anonymous_7)
FN:86,(anonymous_8)
FN:94,(anonymous_9)
FN:103,(anonymous_10)
FN:104,(anonymous_11)
FN:110,(anonymous_12)
FN:122,(anonymous_13)
FN:143,(anonymous_14)
FN:157,(anonymous_15)
FNF:16
FNH:16
FNDA:31,(anonymous_0)
FNDA:49,(anonymous_1)
FNDA:3,(anonymous_2)
FNDA:4,(anonymous_3)
FNDA:4,(anonymous_4)
FNDA:13,(anonymous_5)
FNDA:18,(anonymous_6)
FNDA:20,(anonymous_7)
FNDA:34,(anonymous_8)
FNDA:11,(anonymous_9)
FNDA:5,(anonymous_10)
FNDA:13,(anonymous_11)
FNDA:1,(anonymous_12)
FNDA:5,(anonymous_13)
FNDA:4,(anonymous_14)
FNDA:1,(anonymous_15)
DA:19,31
DA:20,31
DA:21,31
DA:22,31
DA:30,49
DA:38,3
DA:46,4
DA:54,4
DA:63,13
DA:72,18
DA:73,18
DA:74,2
DA:77,16
DA:78,16
DA:86,34
DA:95,11
DA:96,11
DA:104,13
DA:111,1
DA:123,5
DA:125,5
DA:126,15
DA:127,15
DA:128,15
DA:131,5
DA:144,4
DA:145,2
DA:148,2
DA:158,1
LF:29
LH:29
BRDA:18,0,0,0
BRDA:18,1,0,25
BRDA:73,2,0,2
BRDA:73,2,1,16
BRDA:73,3,0,18
BRDA:73,3,1,17
BRDA:96,4,0,11
BRDA:96,4,1,11
BRDA:126,5,0,3
BRDA:126,5,1,12
BRDA:127,6,0,3
BRDA:127,6,1,12
BRDA:144,7,0,2
BRDA:144,7,1,2
BRDA:145,8,0,2
BRDA:145,8,1,2
BRDA:145,8,2,2
BRDA:145,8,3,2
BRDA:148,9,0,2
BRDA:148,9,1,2
BRDA:148,9,2,2
BRDA:148,9,3,2
BRF:22
BRH:21
end_of_record
TN:
SF:src\utils\display.js
FN:13,(anonymous_0)
FN:48,(anonymous_1)
FN:56,(anonymous_2)
FN:76,(anonymous_3)
FNF:4
FNH:0
FNDA:0,(anonymous_0)
FNDA:0,(anonymous_1)
FNDA:0,(anonymous_2)
FNDA:0,(anonymous_3)
DA:14,0
DA:15,0
DA:16,0
DA:17,0
DA:19,0
DA:21,0
DA:22,0
DA:24,0
DA:25,0
DA:28,0
DA:29,0
DA:30,0
DA:33,0
DA:36,0
DA:37,0
DA:39,0
DA:41,0
DA:49,0
DA:57,0
DA:58,0
DA:59,0
DA:61,0
DA:62,0
DA:63,0
DA:64,0
DA:67,0
DA:77,0
DA:78,0
DA:79,0
DA:80,0
DA:83,0
LF:31
LH:0
BRDA:30,0,0,0
BRDA:30,0,1,0
BRDA:57,1,0,0
BRDA:57,1,1,0
BRDA:61,2,0,0
BRDA:61,2,1,0
BRDA:63,3,0,0
BRDA:63,3,1,0
BRDA:77,4,0,0
BRDA:77,4,1,0
BRDA:79,5,0,0
BRDA:79,5,1,0
BRF:12
BRH:0
end_of_record
