TN:
SF:src\game.js
FN:19,(anonymous_0)
FN:35,(anonymous_1)
FN:43,(anonymous_2)
FN:51,(anonymous_3)
FN:59,(anonymous_4)
FN:67,(anonymous_5)
FN:89,(anonymous_6)
FN:114,(anonymous_7)
FN:291,(anonymous_8)
FN:299,(anonymous_9)
FN:314,(anonymous_10)
FN:329,(anonymous_11)
FN:342,(anonymous_12)
FN:366,(anonymous_13)
FN:383,(anonymous_14)
FN:398,(anonymous_15)
FNF:16
FNH:0
FNDA:0,(anonymous_0)
FNDA:0,(anonymous_1)
FNDA:0,(anonymous_2)
FNDA:0,(anonymous_3)
FNDA:0,(anonymous_4)
FNDA:0,(anonymous_5)
FNDA:0,(anonymous_6)
FNDA:0,(anonymous_7)
FNDA:0,(anonymous_8)
FNDA:0,(anonymous_9)
FNDA:0,(anonymous_10)
FNDA:0,(anonymous_11)
FNDA:0,(anonymous_12)
FNDA:0,(anonymous_13)
FNDA:0,(anonymous_14)
FNDA:0,(anonymous_15)
DA:20,0
DA:21,0
DA:28,0
DA:36,0
DA:44,0
DA:52,0
DA:60,0
DA:68,0
DA:76,0
DA:77,0
DA:79,0
DA:80,0
DA:82,0
DA:90,0
DA:91,0
DA:92,0
DA:95,0
DA:96,0
DA:98,0
DA:99,0
DA:102,0
DA:104,0
DA:105,0
DA:115,0
DA:116,0
DA:122,0
DA:124,0
DA:127,0
DA:128,0
DA:129,0
DA:131,0
DA:132,0
DA:136,0
DA:139,0
DA:140,0
DA:143,0
DA:145,0
DA:159,0
DA:160,0
DA:166,0
DA:168,0
DA:169,0
DA:172,0
DA:173,0
DA:175,0
DA:194,0
DA:195,0
DA:197,0
DA:198,0
DA:201,0
DA:204,0
DA:206,0
DA:208,0
DA:229,0
DA:231,0
DA:232,0
DA:233,0
DA:234,0
DA:237,0
DA:240,0
DA:250,0
DA:252,0
DA:253,0
DA:254,0
DA:255,0
DA:258,0
DA:261,0
DA:269,0
DA:278,0
DA:279,0
DA:280,0
DA:281,0
DA:282,0
DA:283,0
DA:292,0
DA:300,0
DA:302,0
DA:304,0
DA:306,0
DA:315,0
DA:317,0
DA:319,0
DA:321,0
DA:330,0
DA:343,0
DA:344,0
DA:345,0
DA:348,0
DA:367,0
DA:368,0
DA:369,0
DA:384,0
DA:385,0
DA:391,0
DA:399,0
LF:95
LH:0
BRDA:98,0,0,0
BRDA:98,0,1,0
BRDA:98,1,0,0
BRDA:98,1,1,0
BRDA:114,2,0,0
BRDA:115,3,0,0
BRDA:115,3,1,0
BRDA:127,4,0,0
BRDA:127,4,1,0
BRDA:139,5,0,0
BRDA:139,5,1,0
BRDA:159,6,0,0
BRDA:159,6,1,0
BRDA:168,7,0,0
BRDA:168,7,1,0
BRDA:197,8,0,0
BRDA:197,8,1,0
BRDA:231,9,0,0
BRDA:231,9,1,0
BRDA:233,10,0,0
BRDA:233,10,1,0
BRDA:252,11,0,0
BRDA:252,11,1,0
BRDA:254,12,0,0
BRDA:254,12,1,0
BRDA:269,13,0,0
BRDA:269,13,1,0
BRDA:278,14,0,0
BRDA:278,14,1,0
BRDA:281,15,0,0
BRDA:281,15,1,0
BRDA:300,16,0,0
BRDA:300,16,1,0
BRDA:300,16,2,0
BRDA:315,17,0,0
BRDA:315,17,1,0
BRDA:315,17,2,0
BRDA:345,18,0,0
BRDA:345,18,1,0
BRDA:345,19,0,0
BRDA:345,19,1,0
BRDA:351,20,0,0
BRDA:351,20,1,0
BRDA:384,21,0,0
BRDA:384,21,1,0
BRF:45
BRH:0
end_of_record
TN:
SF:src\config\game-config.js
FN:37,(anonymous_0)
FN:39,(anonymous_1)
FN:45,(anonymous_2)
FN:46,(anonymous_3)
FN:49,(anonymous_4)
FN:56,(anonymous_5)
FNF:6
FNH:0
FNDA:0,(anonymous_0)
FNDA:0,(anonymous_1)
FNDA:0,(anonymous_2)
FNDA:0,(anonymous_3)
FNDA:0,(anonymous_4)
FNDA:0,(anonymous_5)
DA:6,1
DA:35,1
DA:37,0
DA:39,0
DA:45,0
DA:46,0
DA:49,0
DA:56,0
LF:8
LH:2
BRF:0
BRH:0
end_of_record
TN:
SF:src\models\ai-player.js
FN:19,(anonymous_0)
FN:31,(anonymous_1)
FN:39,(anonymous_2)
FN:86,(anonymous_3)
FN:119,(anonymous_4)
FN:131,(anonymous_5)
FN:159,(anonymous_6)
FN:257,(anonymous_7)
FN:317,(anonymous_8)
FN:329,(anonymous_9)
FNF:10
FNH:0
FNDA:0,(anonymous_0)
FNDA:0,(anonymous_1)
FNDA:0,(anonymous_2)
FNDA:0,(anonymous_3)
FNDA:0,(anonymous_4)
FNDA:0,(anonymous_5)
FNDA:0,(anonymous_6)
FNDA:0,(anonymous_7)
FNDA:0,(anonymous_8)
FNDA:0,(anonymous_9)
DA:20,0
DA:21,0
DA:22,0
DA:23,0
DA:24,0
DA:32,0
DA:42,0
DA:43,0
DA:45,0
DA:46,0
DA:49,0
DA:59,0
DA:60,0
DA:62,0
DA:63,0
DA:64,0
DA:65,0
DA:66,0
DA:69,0
DA:71,0
DA:74,0
DA:86,0
DA:88,0
DA:89,0
DA:90,0
DA:94,0
DA:95,0
DA:97,0
DA:100,0
DA:109,0
DA:110,0
DA:113,0
DA:119,0
DA:120,0
DA:122,0
DA:123,0
DA:125,0
DA:129,0
DA:130,0
DA:131,0
DA:132,0
DA:135,0
DA:144,0
DA:145,0
DA:146,0
DA:147,0
DA:148,0
DA:152,0
DA:160,0
DA:162,0
DA:163,0
DA:165,0
DA:166,0
DA:167,0
DA:168,0
DA:171,0
DA:172,0
DA:176,0
DA:177,0
DA:178,0
DA:179,0
DA:190,0
DA:193,0
DA:194,0
DA:195,0
DA:198,0
DA:199,0
DA:203,0
DA:204,0
DA:215,0
DA:222,0
DA:223,0
DA:224,0
DA:225,0
DA:226,0
DA:238,0
DA:240,0
DA:244,0
DA:249,0
DA:250,0
DA:251,0
DA:252,0
DA:256,0
DA:257,0
DA:258,0
DA:260,0
DA:261,0
DA:263,0
DA:276,0
DA:278,0
DA:280,0
DA:281,0
DA:286,0
DA:292,0
DA:293,0
DA:294,0
DA:295,0
DA:296,0
DA:310,0
DA:318,0
DA:319,0
DA:320,0
DA:321,0
DA:322,0
DA:330,0
LF:105
LH:0
BRDA:19,0,0,0
BRDA:19,1,0,0
BRDA:19,2,0,0
BRDA:42,3,0,0
BRDA:42,3,1,0
BRDA:42,4,0,0
BRDA:42,4,1,0
BRDA:67,5,0,0
BRDA:67,5,1,0
BRDA:69,6,0,0
BRDA:69,6,1,0
BRDA:88,7,0,0
BRDA:88,7,1,0
BRDA:94,8,0,0
BRDA:94,8,1,0
BRDA:94,9,0,0
BRDA:94,9,1,0
BRDA:109,10,0,0
BRDA:109,10,1,0
BRDA:109,11,0,0
BRDA:109,11,1,0
BRDA:122,12,0,0
BRDA:122,12,1,0
BRDA:129,13,0,0
BRDA:129,13,1,0
BRDA:147,14,0,0
BRDA:147,14,1,0
BRDA:162,15,0,0
BRDA:162,15,1,0
BRDA:163,16,0,0
BRDA:163,16,1,0
BRDA:176,17,0,0
BRDA:176,17,1,0
BRDA:176,18,0,0
BRDA:176,18,1,0
BRDA:193,19,0,0
BRDA:193,19,1,0
BRDA:198,20,0,0
BRDA:198,20,1,0
BRDA:223,21,0,0
BRDA:223,21,1,0
BRDA:225,22,0,0
BRDA:225,22,1,0
BRDA:225,23,0,0
BRDA:225,23,1,0
BRDA:238,24,0,0
BRDA:238,24,1,0
BRDA:249,25,0,0
BRDA:249,25,1,0
BRDA:251,26,0,0
BRDA:251,26,1,0
BRDA:256,27,0,0
BRDA:256,27,1,0
BRDA:260,28,0,0
BRDA:260,28,1,0
BRDA:276,29,0,0
BRDA:276,29,1,0
BRDA:280,30,0,0
BRDA:280,30,1,0
BRDA:293,31,0,0
BRDA:293,31,1,0
BRDA:295,32,0,0
BRDA:295,32,1,0
BRDA:295,33,0,0
BRDA:295,33,1,0
BRDA:310,34,0,0
BRDA:310,34,1,0
BRDA:310,34,2,0
BRDA:310,34,3,0
BRF:69
BRH:0
end_of_record
TN:
SF:src\models\board.js
FN:17,(anonymous_0)
FN:28,(anonymous_1)
FN:36,(anonymous_2)
FN:44,(anonymous_3)
FN:54,(anonymous_4)
FN:65,(anonymous_5)
FN:110,(anonymous_6)
FN:144,(anonymous_7)
FN:181,(anonymous_8)
FN:190,(anonymous_9)
FN:223,(anonymous_10)
FN:231,(anonymous_11)
FN:232,(anonymous_12)
FN:239,(anonymous_13)
FN:240,(anonymous_14)
FN:247,(anonymous_15)
FN:248,(anonymous_16)
FN:254,(anonymous_17)
FN:264,(anonymous_18)
FN:266,(anonymous_19)
FN:267,(anonymous_20)
FN:286,(anonymous_21)
FNF:22
FNH:22
FNDA:32,(anonymous_0)
FNDA:244,(anonymous_1)
FNDA:8,(anonymous_2)
FNDA:4,(anonymous_3)
FNDA:325,(anonymous_4)
FNDA:218,(anonymous_5)
FNDA:92,(anonymous_6)
FNDA:4,(anonymous_7)
FNDA:33,(anonymous_8)
FNDA:27,(anonymous_9)
FNDA:5,(anonymous_10)
FNDA:4,(anonymous_11)
FNDA:6,(anonymous_12)
FNDA:3,(anonymous_13)
FNDA:3,(anonymous_14)
FNDA:1,(anonymous_15)
FNDA:10,(anonymous_16)
FNDA:1,(anonymous_17)
FNDA:2,(anonymous_18)
FNDA:2,(anonymous_19)
FNDA:2,(anonymous_20)
FNDA:2,(anonymous_21)
DA:18,32
DA:19,32
DA:20,32
DA:21,32
DA:29,244
DA:37,8
DA:45,4
DA:54,33
DA:55,325
DA:66,218
DA:67,4
DA:69,214
DA:80,533
DA:90,370
DA:91,5
DA:94,365
DA:95,365
DA:97,365
DA:98,2
DA:101,363
DA:112,92
DA:113,316
DA:115,315
DA:116,0
DA:119,315
DA:120,1
DA:125,90
DA:127,90
DA:128,8
DA:129,22
DA:130,22
DA:134,90
DA:145,4
DA:146,4
DA:147,4
DA:149,4
DA:150,69
DA:152,69
DA:158,69
DA:159,32
DA:160,32
DA:162,37
DA:163,37
DA:166,69
DA:168,69
DA:169,69
DA:173,4
DA:182,33
DA:183,1
DA:186,32
DA:187,32
DA:190,27
DA:192,26
DA:194,17
DA:195,17
DA:196,0
DA:199,17
DA:200,17
DA:202,17
DA:209,9
DA:210,9
DA:224,5
DA:232,6
DA:240,3
DA:248,10
DA:255,1
DA:256,1
DA:257,1
DA:265,2
DA:266,2
DA:267,2
DA:268,2
DA:270,2
DA:287,2
DA:290,2
DA:291,20
DA:293,2
DA:296,2
DA:297,20
DA:299,20
DA:300,200
DA:303,200
DA:304,1
DA:307,200
DA:309,20
DA:312,2
LF:86
LH:84
BRDA:17,0,0,31
BRDA:66,1,0,4
BRDA:66,1,1,214
BRDA:80,2,0,533
BRDA:80,2,1,532
BRDA:80,2,2,531
BRDA:80,2,3,530
BRDA:90,3,0,5
BRDA:90,3,1,365
BRDA:90,4,0,370
BRDA:90,4,1,368
BRDA:97,5,0,2
BRDA:97,5,1,363
BRDA:97,6,0,365
BRDA:97,6,1,364
BRDA:110,7,0,0
BRDA:115,8,0,0
BRDA:115,8,1,315
BRDA:119,9,0,1
BRDA:119,9,1,314
BRDA:127,10,0,8
BRDA:127,10,1,82
BRDA:144,11,0,0
BRDA:149,12,0,73
BRDA:149,12,1,69
BRDA:152,13,0,32
BRDA:152,13,1,37
BRDA:158,14,0,32
BRDA:158,14,1,37
BRDA:168,15,0,69
BRDA:168,15,1,0
BRDA:182,16,0,1
BRDA:182,16,1,32
BRDA:192,17,0,17
BRDA:192,17,1,9
BRDA:195,18,0,0
BRDA:195,18,1,17
BRDA:240,19,0,3
BRDA:240,19,1,2
BRDA:277,20,0,1
BRDA:277,20,1,1
BRDA:286,21,0,0
BRDA:303,22,0,1
BRDA:303,22,1,199
BRDA:303,23,0,200
BRDA:303,23,1,100
BRF:46
BRH:40
end_of_record
TN:
SF:src\models\player.js
FN:19,(anonymous_0)
FN:30,(anonymous_1)
FN:38,(anonymous_2)
FN:46,(anonymous_3)
FN:54,(anonymous_4)
FN:62,(anonymous_5)
FN:71,(anonymous_6)
FN:119,(anonymous_7)
FN:161,(anonymous_8)
FN:169,(anonymous_9)
FN:177,(anonymous_10)
FN:185,(anonymous_11)
FN:195,(anonymous_12)
FN:204,(anonymous_13)
FN:224,(anonymous_14)
FN:233,(anonymous_15)
FN:241,(anonymous_16)
FN:250,(anonymous_17)
FNF:18
FNH:0
FNDA:0,(anonymous_0)
FNDA:0,(anonymous_1)
FNDA:0,(anonymous_2)
FNDA:0,(anonymous_3)
FNDA:0,(anonymous_4)
FNDA:0,(anonymous_5)
FNDA:0,(anonymous_6)
FNDA:0,(anonymous_7)
FNDA:0,(anonymous_8)
FNDA:0,(anonymous_9)
FNDA:0,(anonymous_10)
FNDA:0,(anonymous_11)
FNDA:0,(anonymous_12)
FNDA:0,(anonymous_13)
FNDA:0,(anonymous_14)
FNDA:0,(anonymous_15)
FNDA:0,(anonymous_16)
FNDA:0,(anonymous_17)
DA:20,0
DA:21,0
DA:22,0
DA:23,0
DA:31,0
DA:39,0
DA:47,0
DA:55,0
DA:63,0
DA:72,0
DA:73,0
DA:79,0
DA:80,0
DA:86,0
DA:87,0
DA:89,0
DA:90,0
DA:96,0
DA:98,0
DA:104,0
DA:105,0
DA:111,0
DA:120,0
DA:121,0
DA:127,0
DA:128,0
DA:129,0
DA:135,0
DA:136,0
DA:137,0
DA:139,0
DA:149,0
DA:150,0
DA:162,0
DA:170,0
DA:178,0
DA:186,0
DA:196,0
DA:197,0
DA:205,0
DA:206,0
DA:208,0
DA:225,0
DA:226,0
DA:234,0
LF:45
LH:0
BRDA:19,0,0,0
BRDA:19,1,0,0
BRDA:21,2,0,0
BRDA:21,2,1,0
BRDA:72,3,0,0
BRDA:72,3,1,0
BRDA:72,4,0,0
BRDA:72,4,1,0
BRDA:79,5,0,0
BRDA:79,5,1,0
BRDA:89,6,0,0
BRDA:89,6,1,0
BRDA:89,7,0,0
BRDA:89,7,1,0
BRDA:96,8,0,0
BRDA:96,8,1,0
BRDA:96,9,0,0
BRDA:96,9,1,0
BRDA:96,9,2,0
BRDA:96,9,3,0
BRDA:104,10,0,0
BRDA:104,10,1,0
BRDA:120,11,0,0
BRDA:120,11,1,0
BRDA:128,12,0,0
BRDA:128,12,1,0
BRDA:162,13,0,0
BRDA:162,13,1,0
BRDA:186,14,0,0
BRDA:186,14,1,0
BRDA:195,15,0,0
BRDA:195,16,0,0
BRDA:206,17,0,0
BRDA:206,17,1,0
BRDA:213,18,0,0
BRDA:213,18,1,0
BRDA:214,19,0,0
BRDA:214,19,1,0
BRDA:215,20,0,0
BRDA:215,20,1,0
BRDA:216,21,0,0
BRDA:216,21,1,0
BRF:42
BRH:0
end_of_record
TN:
SF:src\models\ship.js
FN:15,(anonymous_0)
FN:26,(anonymous_1)
FN:34,(anonymous_2)
FN:42,(anonymous_3)
FN:50,(anonymous_4)
FN:59,(anonymous_5)
FN:68,(anonymous_6)
FN:82,(anonymous_7)
FN:83,(anonymous_8)
FN:91,(anonymous_9)
FN:100,(anonymous_10)
FN:101,(anonymous_11)
FN:107,(anonymous_12)
FN:119,(anonymous_13)
FN:140,(anonymous_14)
FNF:15
FNH:15
FNDA:113,(anonymous_0)
FNDA:107,(anonymous_1)
FNDA:8,(anonymous_2)
FNDA:5,(anonymous_3)
FNDA:5,(anonymous_4)
FNDA:37,(anonymous_5)
FNDA:32,(anonymous_6)
FNDA:37,(anonymous_7)
FNDA:68,(anonymous_8)
FNDA:22,(anonymous_9)
FNDA:12,(anonymous_10)
FNDA:33,(anonymous_11)
FNDA:1,(anonymous_12)
FNDA:94,(anonymous_13)
FNDA:20,(anonymous_14)
DA:16,113
DA:17,113
DA:18,113
DA:19,113
DA:27,107
DA:35,8
DA:43,5
DA:51,5
DA:60,37
DA:69,32
DA:70,32
DA:71,4
DA:74,28
DA:75,28
DA:83,68
DA:92,22
DA:93,22
DA:101,33
DA:108,1
DA:120,94
DA:122,94
DA:123,323
DA:124,323
DA:125,323
DA:128,94
DA:141,20
DA:142,10
DA:145,10
LF:28
LH:28
BRDA:15,0,0,1
BRDA:15,1,0,6
BRDA:70,2,0,4
BRDA:70,2,1,28
BRDA:70,3,0,32
BRDA:70,3,1,30
BRDA:93,4,0,22
BRDA:93,4,1,21
BRDA:123,5,0,164
BRDA:123,5,1,159
BRDA:124,6,0,164
BRDA:124,6,1,159
BRDA:141,7,0,10
BRDA:141,7,1,10
BRDA:142,8,0,10
BRDA:142,8,1,9
BRDA:142,8,2,8
BRDA:142,8,3,7
BRDA:145,9,0,10
BRDA:145,9,1,9
BRDA:145,9,2,8
BRDA:145,9,3,7
BRF:22
BRH:22
end_of_record
TN:
SF:src\utils\display.js
FN:12,(anonymous_0)
FN:58,(anonymous_1)
FN:66,(anonymous_2)
FN:79,(anonymous_3)
FN:84,(anonymous_4)
FNF:5
FNH:0
FNDA:0,(anonymous_0)
FNDA:0,(anonymous_1)
FNDA:0,(anonymous_2)
FNDA:0,(anonymous_3)
FNDA:0,(anonymous_4)
DA:13,0
DA:14,0
DA:17,0
DA:20,0
DA:21,0
DA:22,0
DA:24,0
DA:27,0
DA:28,0
DA:31,0
DA:32,0
DA:34,0
DA:35,0
DA:37,0
DA:40,0
DA:43,0
DA:44,0
DA:47,0
DA:50,0
DA:51,0
DA:59,0
DA:67,0
DA:80,0
DA:81,0
DA:84,0
LF:25
LH:0
BRDA:34,0,0,0
BRDA:34,0,1,0
BRDA:80,1,0,0
BRDA:80,1,1,0
BRDA:80,2,0,0
BRDA:80,2,1,0
BRF:6
BRH:0
end_of_record
